#
# There is insufficient memory for the Java Runtime Environment to continue.
# Native memory allocation (malloc) failed to allocate 1048576 bytes for AllocateHeap
# Possible reasons:
#   The system is out of physical RAM or swap space
#   In 32 bit mode, the process size limit was hit
# Possible solutions:
#   Reduce memory load on the system
#   Increase physical memory or swap space
#   Check if swap backing store is full
#   Use 64 bit Java on a 64 bit OS
#   Decrease Java heap size (-Xmx/-Xms)
#   Decrease number of Java threads
#   Decrease Java thread stack sizes (-Xss)
#   Set larger code cache with -XX:ReservedCodeCacheSize=
# This output file may be truncated or incomplete.
#
#  Out of Memory Error (memory/allocation.inline.hpp:61), pid=13384, tid=12824
#
# JRE version:  (8.0_74-b02) (build )
# Java VM: Java HotSpot(TM) 64-Bit Server VM (25.74-b02 mixed mode windows-amd64 compressed oops)
# Failed to write core dump. Minidumps are not enabled by default on client versions of Windows
#

---------------  T H R E A D  ---------------

Current thread (0x0000000003410800):  JavaThread "Unknown thread" [_thread_in_vm, id=12824, stack(0x0000000003310000,0x0000000003410000)]

Stack: [0x0000000003310000,0x0000000003410000]
[error occurred during error reporting (printing stack bounds), id 0xc0000005]

Native frames: (J=compiled Java code, j=interpreted, Vv=VM code, C=native code)


---------------  P R O C E S S  ---------------

Java Threads: ( => current thread )

Other Threads:

=>0x0000000003410800 (exited) JavaThread "Unknown thread" [_thread_in_vm, id=12824, stack(0x0000000003310000,0x0000000003410000)]

VM state:not at safepoint (normal execution)

VM Mutex/Monitor currently owned by a thread: None

Heap:
 PSYoungGen      total 57344K, used 983K [0x0000000780000000, 0x0000000784000000, 0x00000007c0000000)
  eden space 49152K, 2% used [0x0000000780000000,0x00000007800f5c38,0x0000000783000000)
  from space 8192K, 0% used [0x0000000783800000,0x0000000783800000,0x0000000784000000)
  to   space 8192K, 0% used [0x0000000783000000,0x0000000783000000,0x0000000783800000)
 ParOldGen       total 131072K, used 0K [0x0000000700000000, 0x0000000708000000, 0x0000000780000000)
  object space 131072K, 0% used [0x0000000700000000,0x0000000700000000,0x0000000708000000)
 Metaspace       used 769K, capacity 4480K, committed 4480K, reserved 1056768K
  class space    used 75K, capacity 384K, committed 384K, reserved 1048576K

Card table byte_map: [0x00000000128d0000,0x0000000012ee0000] byte_map_base: 0x000000000f0d0000

Marking Bits: (ParMarkBitMap*) 0x0000000069440600
 Begin Bits: [0x00000000136e0000, 0x00000000166e0000)
 End Bits:   [0x00000000166e0000, 0x00000000196e0000)

Polling page: 0x0000000001750000

CodeCache: size=245760Kb used=328Kb max_used=328Kb free=245431Kb
 bounds [0x0000000003510000, 0x0000000003780000, 0x0000000012510000]
 total_blobs=58 nmethods=0 adapters=38
 compilation: enabled

Compilation events (0 events):
No events

GC Heap History (0 events):
No events

Deoptimization events (0 events):
No events

Internal exceptions (0 events):
No events

Events (10 events):
Event: 0.033 loading class java/lang/Short
Event: 0.033 loading class java/lang/Short done
Event: 0.033 loading class java/lang/Integer
Event: 0.033 loading class java/lang/Integer done
Event: 0.033 loading class java/lang/Long
Event: 0.033 loading class java/lang/Long done
Event: 0.035 loading class java/lang/NullPointerException
Event: 0.035 loading class java/lang/NullPointerException done
Event: 0.035 loading class java/lang/ArithmeticException
Event: 0.035 loading class java/lang/ArithmeticException done


Dynamic libraries:
0x00007ff62ae20000 - 0x00007ff62ae57000 	D:\sts-4.5.1.RELEASE\jre\bin\javaw.exe
0x00007ffaad030000 - 0x00007ffaad21d000 	C:\Windows\SYSTEM32\ntdll.dll
0x00007ffaaa4c0000 - 0x00007ffaaa573000 	C:\Windows\System32\KERNEL32.DLL
0x00007ffaa9100000 - 0x00007ffaa9394000 	C:\Windows\System32\KERNELBASE.dll
0x00007ffaaae40000 - 0x00007ffaaaee3000 	C:\Windows\System32\ADVAPI32.dll
0x00007ffaaa250000 - 0x00007ffaaa2ee000 	C:\Windows\System32\msvcrt.dll
0x00007ffaac420000 - 0x00007ffaac4be000 	C:\Windows\System32\sechost.dll
0x00007ffaaacf0000 - 0x00007ffaaae12000 	C:\Windows\System32\RPCRT4.dll
0x00007ffaac6e0000 - 0x00007ffaac877000 	C:\Windows\System32\USER32.dll
0x00007ffaa93a0000 - 0x00007ffaa93c0000 	C:\Windows\System32\win32u.dll
0x00007ffaaaef0000 - 0x00007ffaaaf19000 	C:\Windows\System32\GDI32.dll
0x00007ffaaa010000 - 0x00007ffaaa1ac000 	C:\Windows\System32\gdi32full.dll
0x00007ffaaa1b0000 - 0x00007ffaaa250000 	C:\Windows\System32\msvcp_win.dll
0x00007ffaa9630000 - 0x00007ffaa972a000 	C:\Windows\System32\ucrtbase.dll
0x00007ffa90ef0000 - 0x00007ffa91169000 	C:\Windows\WinSxS\amd64_microsoft.windows.common-controls_6595b64144ccf1df_6.0.17763.1457_none_de7243e4534a70d1\COMCTL32.dll
0x00007ffaaa610000 - 0x00007ffaaa93d000 	C:\Windows\System32\combase.dll
0x00007ffaa97e0000 - 0x00007ffaa985e000 	C:\Windows\System32\bcryptPrimitives.dll
0x00007ffaaa2f0000 - 0x00007ffaaa31e000 	C:\Windows\System32\IMM32.DLL
0x0000000068a80000 - 0x0000000068b52000 	D:\sts-4.5.1.RELEASE\jre\bin\msvcr100.dll
0x0000000068c30000 - 0x00000000694c0000 	D:\sts-4.5.1.RELEASE\jre\bin\server\jvm.dll
0x00007ffaac890000 - 0x00007ffaac898000 	C:\Windows\System32\PSAPI.DLL
0x00007ffa9c070000 - 0x00007ffa9c079000 	C:\Windows\SYSTEM32\WSOCK32.dll
0x00007ffaac670000 - 0x00007ffaac6dd000 	C:\Windows\System32\WS2_32.dll
0x00007ffaa7180000 - 0x00007ffaa71a4000 	C:\Windows\SYSTEM32\WINMM.dll
0x00007ffaa1700000 - 0x00007ffaa170a000 	C:\Windows\SYSTEM32\VERSION.dll
0x00007ffaa7120000 - 0x00007ffaa714d000 	C:\Windows\SYSTEM32\WINMMBASE.dll
0x00007ffaa9fc0000 - 0x00007ffaaa00a000 	C:\Windows\System32\cfgmgr32.dll
0x0000000068c20000 - 0x0000000068c2f000 	D:\sts-4.5.1.RELEASE\jre\bin\verify.dll
0x0000000068bf0000 - 0x0000000068c19000 	D:\sts-4.5.1.RELEASE\jre\bin\java.dll
0x0000000068ba0000 - 0x0000000068bb6000 	D:\sts-4.5.1.RELEASE\jre\bin\zip.dll

VM Arguments:
jvm_args: -Dmaven.home=EMBEDDED -Dclassworlds.conf=D:\workspace-spring-tool-suite-4-4.5.1.RELEASE\.metadata\.plugins\org.eclipse.m2e.launching\launches\m2conf4780576677241345757.tmp -Dmaven.multiModuleProjectDirectory=D:\workspace-spring-tool-suite-4-4.5.1.RELEASE\simulatoragv -Djansi.force=true -Djansi.passthrough=true -Dfile.encoding=GBK 
java_command: org.codehaus.plexus.classworlds.launcher.Launcher -B -gs C:\java\apache-maven-3.6.2\conf\settings.xml -s C:\java\apache-maven-3.6.2\conf\settings-zhebao.xml package -Dstyle.color=always
java_class_path (initial): D:\sts-4.5.1.RELEASE\plugins\org.eclipse.m2e.maven.runtime_1.15.0.20200120-1352\jars\plexus-classworlds-2.6.0.jar
Launcher Type: SUN_STANDARD

Environment Variables:
JAVA_HOME=C:\java\jdk-11
PATH=D:/sts-4.5.1.RELEASE/jre/bin/server;D:/sts-4.5.1.RELEASE/jre/bin;D:/sts-4.5.1.RELEASE/jre/lib/amd64;C:\Program Files\Microsoft MPI\Bin\;C:\Windows\system32;C:\Windows;C:\Windows\System32\Wbem;C:\Windows\System32\WindowsPowerShell\v1.0\;C:\Windows\System32\OpenSSH\;C:\java\jdk-11\bin;C:\Program Files\Git\cmd;C:\Program Files\dotnet\;C:\Program Files (x86)\Microsoft SQL Server\150\Tools\Binn\;C:\Program Files\Microsoft SQL Server\150\Tools\Binn\;C:\Program Files (x86)\Microsoft SQL Server\150\DTS\Binn\;C:\Program Files\Microsoft SQL Server\150\DTS\Binn\;C:\Program Files\Microsoft SQL Server\Client SDK\ODBC\170\Tools\Binn\;C:\Users\zhujin\AppData\Local\Microsoft\WindowsApps;C:\Users\zhujin\AppData\Local\Programs\Microsoft VS Code\bin;C:\Users\zhujin\.dotnet\tools;D:\sts-4.5.1.RELEASE;
USERNAME=zhujin
OS=Windows_NT
PROCESSOR_IDENTIFIER=Intel64 Family 6 Model 58 Stepping 9, GenuineIntel



---------------  S Y S T E M  ---------------

OS: Windows 10.0 , 64 bit Build 17763 (10.0.17763.475)

CPU:total 4 (1 cores per cpu, 1 threads per core) family 6 model 58 stepping 9, cmov, cx8, fxsr, mmx, sse, sse2, sse3, ssse3, sse4.1, sse4.2, popcnt, avx, aes, clmul, erms, tsc, tscinvbit, tscinv

Memory: 4k page, physical 12581860k(3357432k free), swap 12581860k(6044k free)

vm_info: Java HotSpot(TM) 64-Bit Server VM (25.74-b02) for windows-amd64 JRE (1.8.0_74-b02), built on Jan 29 2016 17:42:36 by "java_re" with MS VC++ 10.0 (VS2010)

time: Tue Sep 22 20:33:24 2020
elapsed time: 0 seconds (0d 0h 0m 0s)

